<?xml version="1.0" encoding="UTF-8" ?>
<testsuite tests="1" failures="0" name="com.wmb.TableServicesH2ImplTest" time="0.056" errors="1" skipped="0">
  <properties>
[...]
</properties>
  <testcase classname="com.wmb.TableServicesH2ImplTest" name="getTableByIDTest_shouldBeReturnTable" time="0.056">
    <error message="404 List Not Found" type="java.lang.Exception">java.lang.Exception: 404 List Not Found
	at com.wmb.impl.TableImpl.findById(TableImpl.java:26)
	at com.wmb.TableServicesH2ImplTest.getTableByIDTest_shouldBeReturnTable(TableServicesH2ImplTest.java:59)
	at sun.reflect.NativeMethodAccessorImpl.invoke0(Native Method)
	at sun.reflect.NativeMethodAccessorImpl.invoke(NativeMethodAccessorImpl.java:62)
	at sun.reflect.DelegatingMethodAccessorImpl.invoke(DelegatingMethodAccessorImpl.java:43)
	at java.lang.reflect.Method.invoke(Method.java:498)
	at org.junit.runners.model.FrameworkMethod$1.runReflectiveCall(FrameworkMethod.java:50)
	at org.junit.internal.runners.model.ReflectiveCallable.run(ReflectiveCallable.java:12)
	at org.junit.runners.model.FrameworkMethod.invokeExplosively(FrameworkMethod.java:47)
	at org.junit.internal.runners.statements.InvokeMethod.evaluate(InvokeMethod.java:17)
	at org.springframework.test.context.junit4.statements.RunBeforeTestExecutionCallbacks.evaluate(RunBeforeTestExecutionCallbacks.java:74)
	at org.springframework.test.context.junit4.statements.RunAfterTestExecutionCallbacks.evaluate(RunAfterTestExecutionCallbacks.java:84)
	at org.junit.internal.runners.statements.RunBefores.evaluate(RunBefores.java:26)
	at org.springframework.test.context.junit4.statements.RunBeforeTestMethodCallbacks.evaluate(RunBeforeTestMethodCallbacks.java:75)
	at org.springframework.test.context.junit4.statements.RunAfterTestMethodCallbacks.evaluate(RunAfterTestMethodCallbacks.java:86)
	at org.springframework.test.context.junit4.statements.SpringRepeat.evaluate(SpringRepeat.java:84)
	at org.junit.runners.ParentRunner.runLeaf(ParentRunner.java:325)
	at org.springframework.test.context.junit4.SpringJUnit4ClassRunner.runChild(SpringJUnit4ClassRunner.java:251)
	at org.springframework.test.context.junit4.SpringJUnit4ClassRunner.runChild(SpringJUnit4ClassRunner.java:97)
	at org.junit.runners.ParentRunner$3.run(ParentRunner.java:290)
	at org.junit.runners.ParentRunner$1.schedule(ParentRunner.java:71)
	at org.junit.runners.ParentRunner.runChildren(ParentRunner.java:288)
	at org.junit.runners.ParentRunner.access$000(ParentRunner.java:58)
	at org.junit.runners.ParentRunner$2.evaluate(ParentRunner.java:268)
	at org.springframework.test.context.junit4.statements.RunBeforeTestClassCallbacks.evaluate(RunBeforeTestClassCallbacks.java:61)
	at org.springframework.test.context.junit4.statements.RunAfterTestClassCallbacks.evaluate(RunAfterTestClassCallbacks.java:70)
	at org.junit.runners.ParentRunner.run(ParentRunner.java:363)
	at org.springframework.test.context.junit4.SpringJUnit4ClassRunner.run(SpringJUnit4ClassRunner.java:190)
	at org.apache.maven.surefire.junit4.JUnit4Provider.execute(JUnit4Provider.java:252)
	at org.apache.maven.surefire.junit4.JUnit4Provider.executeTestSet(JUnit4Provider.java:141)
	at org.apache.maven.surefire.junit4.JUnit4Provider.invoke(JUnit4Provider.java:112)
	at sun.reflect.NativeMethodAccessorImpl.invoke0(Native Method)
	at sun.reflect.NativeMethodAccessorImpl.invoke(NativeMethodAccessorImpl.java:62)
	at sun.reflect.DelegatingMethodAccessorImpl.invoke(DelegatingMethodAccessorImpl.java:43)
	at java.lang.reflect.Method.invoke(Method.java:498)
	at org.apache.maven.surefire.util.ReflectionUtils.invokeMethodWithArray(ReflectionUtils.java:189)
	at org.apache.maven.surefire.booter.ProviderFactory$ProviderProxy.invoke(ProviderFactory.java:165)
	at org.apache.maven.surefire.booter.ProviderFactory.invokeProvider(ProviderFactory.java:85)
	at org.apache.maven.surefire.booter.ForkedBooter.runSuitesInProcess(ForkedBooter.java:115)
	at org.apache.maven.surefire.booter.ForkedBooter.main(ForkedBooter.java:75)
</error>
    <system-out>21:44:09.065 [main] DEBUG org.springframework.test.context.junit4.SpringJUnit4ClassRunner - SpringJUnit4ClassRunner constructor called with [class com.wmb.TableServicesH2ImplTest]
21:44:09.069 [main] DEBUG org.springframework.test.context.BootstrapUtils - Instantiating CacheAwareContextLoaderDelegate from class [org.springframework.test.context.cache.DefaultCacheAwareContextLoaderDelegate]
21:44:09.077 [main] DEBUG org.springframework.test.context.BootstrapUtils - Instantiating BootstrapContext using constructor [public org.springframework.test.context.support.DefaultBootstrapContext(java.lang.Class,org.springframework.test.context.CacheAwareContextLoaderDelegate)]
21:44:09.094 [main] DEBUG org.springframework.test.context.BootstrapUtils - Instantiating TestContextBootstrapper for test class [com.wmb.TableServicesH2ImplTest] from class [org.springframework.boot.test.context.SpringBootTestContextBootstrapper]
21:44:09.114 [main] INFO org.springframework.boot.test.context.SpringBootTestContextBootstrapper - Neither @ContextConfiguration nor @ContextHierarchy found for test class [com.wmb.TableServicesH2ImplTest], using SpringBootContextLoader
21:44:09.116 [main] DEBUG org.springframework.test.context.support.AbstractContextLoader - Did not detect default resource location for test class [com.wmb.TableServicesH2ImplTest]: class path resource [com/wmb/TableServicesH2ImplTest-context.xml] does not exist
21:44:09.116 [main] DEBUG org.springframework.test.context.support.AbstractContextLoader - Did not detect default resource location for test class [com.wmb.TableServicesH2ImplTest]: class path resource [com/wmb/TableServicesH2ImplTestContext.groovy] does not exist
21:44:09.116 [main] INFO org.springframework.test.context.support.AbstractContextLoader - Could not detect default resource locations for test class [com.wmb.TableServicesH2ImplTest]: no resource found for suffixes {-context.xml, Context.groovy}.
21:44:09.119 [main] INFO org.springframework.test.context.support.AnnotationConfigContextLoaderUtils - Could not detect default configuration classes for test class [com.wmb.TableServicesH2ImplTest]: TableServicesH2ImplTest does not declare any static, non-private, non-final, nested classes annotated with @Configuration.
21:44:09.166 [main] DEBUG org.springframework.test.context.support.ActiveProfilesUtils - Could not find an &apos;annotation declaring class&apos; for annotation type [org.springframework.test.context.ActiveProfiles] and class [com.wmb.TableServicesH2ImplTest]
21:44:09.255 [main] DEBUG org.springframework.context.annotation.ClassPathScanningCandidateComponentProvider - Identified candidate component class: file [C:\Users\EnigmaCamp\Desktop\Warung-Makan-Bahari\target\classes\com\wmb\App.class]
21:44:09.258 [main] INFO org.springframework.boot.test.context.SpringBootTestContextBootstrapper - Found @SpringBootConfiguration com.wmb.App for test class com.wmb.TableServicesH2ImplTest
21:44:09.424 [main] DEBUG org.springframework.boot.test.context.SpringBootTestContextBootstrapper - @TestExecutionListeners is not present for class [com.wmb.TableServicesH2ImplTest]: using defaults.
21:44:09.424 [main] INFO org.springframework.boot.test.context.SpringBootTestContextBootstrapper - Loaded default TestExecutionListener class names from location [META-INF/spring.factories]: [org.springframework.boot.test.mock.mockito.MockitoTestExecutionListener, org.springframework.boot.test.mock.mockito.ResetMocksTestExecutionListener, org.springframework.boot.test.autoconfigure.restdocs.RestDocsTestExecutionListener, org.springframework.boot.test.autoconfigure.web.client.MockRestServiceServerResetTestExecutionListener, org.springframework.boot.test.autoconfigure.web.servlet.MockMvcPrintOnlyOnFailureTestExecutionListener, org.springframework.boot.test.autoconfigure.web.servlet.WebDriverTestExecutionListener, org.springframework.test.context.web.ServletTestExecutionListener, org.springframework.test.context.support.DirtiesContextBeforeModesTestExecutionListener, org.springframework.test.context.support.DependencyInjectionTestExecutionListener, org.springframework.test.context.support.DirtiesContextTestExecutionListener, org.springframework.test.context.transaction.TransactionalTestExecutionListener, org.springframework.test.context.jdbc.SqlScriptsTestExecutionListener]
21:44:09.466 [main] INFO org.springframework.boot.test.context.SpringBootTestContextBootstrapper - Using TestExecutionListeners: [org.springframework.test.context.web.ServletTestExecutionListener@4218d6a3, org.springframework.test.context.support.DirtiesContextBeforeModesTestExecutionListener@76505305, org.springframework.boot.test.mock.mockito.MockitoTestExecutionListener@14cd1699, org.springframework.boot.test.autoconfigure.SpringBootDependencyInjectionTestExecutionListener@77888435, org.springframework.test.context.support.DirtiesContextTestExecutionListener@73a1e9a9, org.springframework.test.context.transaction.TransactionalTestExecutionListener@71d44a3, org.springframework.test.context.jdbc.SqlScriptsTestExecutionListener@7b98f307, org.springframework.boot.test.mock.mockito.ResetMocksTestExecutionListener@4802796d, org.springframework.boot.test.autoconfigure.restdocs.RestDocsTestExecutionListener@34123d65, org.springframework.boot.test.autoconfigure.web.client.MockRestServiceServerResetTestExecutionListener@59474f18, org.springframework.boot.test.autoconfigure.web.servlet.MockMvcPrintOnlyOnFailureTestExecutionListener@65fb9ffc, org.springframework.boot.test.autoconfigure.web.servlet.WebDriverTestExecutionListener@3e694b3f]
21:44:09.468 [main] DEBUG org.springframework.test.annotation.ProfileValueUtils - Retrieved @ProfileValueSourceConfiguration [null] for test class [com.wmb.TableServicesH2ImplTest]
21:44:09.469 [main] DEBUG org.springframework.test.annotation.ProfileValueUtils - Retrieved ProfileValueSource type [class org.springframework.test.annotation.SystemProfileValueSource] for class [com.wmb.TableServicesH2ImplTest]
21:44:09.470 [main] DEBUG org.springframework.test.annotation.ProfileValueUtils - Retrieved @ProfileValueSourceConfiguration [null] for test class [com.wmb.TableServicesH2ImplTest]
21:44:09.470 [main] DEBUG org.springframework.test.annotation.ProfileValueUtils - Retrieved ProfileValueSource type [class org.springframework.test.annotation.SystemProfileValueSource] for class [com.wmb.TableServicesH2ImplTest]
21:44:09.478 [main] DEBUG org.springframework.test.context.support.AbstractDirtiesContextTestExecutionListener - Before test class: context [DefaultTestContext@75d4a5c2 testClass = TableServicesH2ImplTest, testInstance = [null], testMethod = [null], testException = [null], mergedContextConfiguration = [WebMergedContextConfiguration@557caf28 testClass = TableServicesH2ImplTest, locations = &apos;{}&apos;, classes = &apos;{class com.wmb.App}&apos;, contextInitializerClasses = &apos;[]&apos;, activeProfiles = &apos;{}&apos;, propertySourceLocations = &apos;{}&apos;, propertySourceProperties = &apos;{org.springframework.boot.test.context.SpringBootTestContextBootstrapper=true}&apos;, contextCustomizers = set[org.springframework.boot.test.context.filter.ExcludeFilterContextCustomizer@42607a4f, org.springframework.boot.test.json.DuplicateJsonObjectContextCustomizerFactory$DuplicateJsonObjectContextCustomizer@64485a47, org.springframework.boot.test.mock.mockito.MockitoContextCustomizer@0, org.springframework.boot.test.web.client.TestRestTemplateContextCustomizer@4c762604, org.springframework.boot.test.autoconfigure.properties.PropertyMappingContextCustomizer@0, org.springframework.boot.test.autoconfigure.web.servlet.WebDriverContextCustomizerFactory$Customizer@24b1d79b], resourceBasePath = &apos;src/main/webapp&apos;, contextLoader = &apos;org.springframework.boot.test.context.SpringBootContextLoader&apos;, parent = [null]], attributes = map[&apos;org.springframework.test.context.web.ServletTestExecutionListener.activateListener&apos; -&gt; true]], class annotated with @DirtiesContext [false] with mode [null].
21:44:09.480 [main] DEBUG org.springframework.test.annotation.ProfileValueUtils - Retrieved @ProfileValueSourceConfiguration [null] for test class [com.wmb.TableServicesH2ImplTest]
21:44:09.480 [main] DEBUG org.springframework.test.annotation.ProfileValueUtils - Retrieved ProfileValueSource type [class org.springframework.test.annotation.SystemProfileValueSource] for class [com.wmb.TableServicesH2ImplTest]
21:44:09.515 [main] DEBUG org.springframework.test.context.support.TestPropertySourceUtils - Adding inlined properties to environment: {spring.jmx.enabled=false, org.springframework.boot.test.context.SpringBootTestContextBootstrapper=true, server.port=-1}

  .   ____          _            __ _ _
 /\\ / ___&apos;_ __ _ _(_)_ __  __ _ \ \ \ \
( ( )\___ | &apos;_ | &apos;_| | &apos;_ \/ _` | \ \ \ \
 \\/  ___)| |_)| | | | | || (_| |  ) ) ) )
  &apos;  |____| .__|_| |_|_| |_\__, | / / / /
 =========|_|==============|___/=/_/_/_/
 :: Spring Boot ::        (v2.1.6.RELEASE)

2019-11-21 21:44:09.855  INFO 644 --- [           main] com.wmb.TableServicesH2ImplTest          : Starting TableServicesH2ImplTest on DESKTOP-FUUB666 with PID 644 (started by EnigmaCamp in C:\Users\EnigmaCamp\Desktop\Warung-Makan-Bahari)
2019-11-21 21:44:09.857  INFO 644 --- [           main] com.wmb.TableServicesH2ImplTest          : No active profile set, falling back to default profiles: default
2019-11-21 21:44:10.677  INFO 644 --- [           main] .s.d.r.c.RepositoryConfigurationDelegate : Bootstrapping Spring Data repositories in DEFAULT mode.
2019-11-21 21:44:10.799  INFO 644 --- [           main] .s.d.r.c.RepositoryConfigurationDelegate : Finished Spring Data repository scanning in 111ms. Found 6 repository interfaces.
2019-11-21 21:44:11.194  INFO 644 --- [           main] trationDelegate$BeanPostProcessorChecker : Bean &apos;org.springframework.transaction.annotation.ProxyTransactionManagementConfiguration&apos; of type [org.springframework.transaction.annotation.ProxyTransactionManagementConfiguration$$EnhancerBySpringCGLIB$$d9145e5d] is not eligible for getting processed by all BeanPostProcessors (for example: not eligible for auto-proxying)
2019-11-21 21:44:11.469  INFO 644 --- [           main] com.zaxxer.hikari.HikariDataSource       : HikariPool-1 - Starting...
2019-11-21 21:44:11.683  INFO 644 --- [           main] com.zaxxer.hikari.HikariDataSource       : HikariPool-1 - Start completed.
2019-11-21 21:44:11.848  INFO 644 --- [           main] o.hibernate.jpa.internal.util.LogHelper  : HHH000204: Processing PersistenceUnitInfo [name: default]
2019-11-21 21:44:11.925  INFO 644 --- [           main] org.hibernate.Version                    : HHH000412: Hibernate Core {5.4.8.Final}
2019-11-21 21:44:12.117  INFO 644 --- [           main] o.hibernate.annotations.common.Version   : HCANN000001: Hibernate Commons Annotations {5.1.0.Final}
2019-11-21 21:44:12.575  INFO 644 --- [           main] org.hibernate.dialect.Dialect            : HHH000400: Using dialect: org.hibernate.dialect.MySQL5Dialect
2019-11-21 21:44:13.644  INFO 644 --- [           main] o.h.e.t.j.p.i.JtaPlatformInitiator       : HHH000490: Using JtaPlatform implementation: [org.hibernate.engine.transaction.jta.platform.internal.NoJtaPlatform]
2019-11-21 21:44:13.661  INFO 644 --- [           main] j.LocalContainerEntityManagerFactoryBean : Initialized JPA EntityManagerFactory for persistence unit &apos;default&apos;
2019-11-21 21:44:14.968  INFO 644 --- [           main] o.s.s.concurrent.ThreadPoolTaskExecutor  : Initializing ExecutorService &apos;applicationTaskExecutor&apos;
2019-11-21 21:44:15.044  WARN 644 --- [           main] aWebConfiguration$JpaWebMvcConfiguration : spring.jpa.open-in-view is enabled by default. Therefore, database queries may be performed during view rendering. Explicitly configure spring.jpa.open-in-view to disable this warning
2019-11-21 21:44:15.494  INFO 644 --- [           main] com.wmb.TableServicesH2ImplTest          : Started TableServicesH2ImplTest in 5.964 seconds (JVM running for 6.932)
</system-out>
  </testcase>
</testsuite>